2022-08-31 00:01:16,941 [main] INFO QA Boss = H@SH - User able to open any browsers
2022-08-31 00:01:16,945 [main] INFO QA Boss = H@SH - User able to open edge browser
2022-08-31 00:01:19,721 [main] INFO QA Boss = H@SH - User able enter {string} URL
2022-08-31 00:01:25,369 [main] INFO QA Boss = H@SH - user able to click sign in button One
2022-08-31 00:01:30,841 [main] INFO QA Boss = H@SH - User able to enter username
2022-08-31 00:01:30,842 [main] INFO QA Boss = H@SH - User able to enter password
2022-08-31 00:01:30,842 [main] INFO QA Boss = H@SH - User able to  click login in button Two
2022-08-31 00:01:32,104 [main] INFO QA Boss = H@SH - User able to verify the user information {string} on the UI and Logout
2022-08-31 00:54:57,796 [main] INFO QA Boss = H@SH - User able to open any browsers
2022-08-31 00:54:57,799 [main] INFO QA Boss = H@SH - User able to open edge browser
2022-08-31 00:55:00,483 [main] INFO QA Boss = H@SH - User able enter {string} URL
2022-08-31 00:55:02,377 [main] INFO QA Boss = H@SH - user able to click sign in button One
2022-08-31 00:55:03,768 [main] INFO QA Boss = H@SH - User able to enter username
2022-08-31 00:55:03,769 [main] INFO QA Boss = H@SH - User able to enter password
2022-08-31 00:55:03,769 [main] INFO QA Boss = H@SH - User able to  click login in button Two
2022-08-31 00:55:04,899 [main] INFO QA Boss = H@SH - User able to verify the user information {string} on the UI and Logout
2022-09-01 01:36:43,564 [main] INFO QA Boss = H@SH - User able to open any browsers
2022-09-01 01:36:43,567 [main] INFO QA Boss = H@SH - User able to open edge browser
2022-09-01 01:36:46,611 [main] INFO QA Boss = H@SH - User able enter {string} URL
2022-09-01 01:36:48,149 [main] INFO QA Boss = H@SH - user able to click sign in button One
2022-09-01 01:37:12,975 [main] INFO QA Boss = H@SH - User able to open any browsers
2022-09-01 01:37:12,978 [main] INFO QA Boss = H@SH - User able to open edge browser
2022-09-01 01:37:15,686 [main] INFO QA Boss = H@SH - User able enter {string} URL
2022-09-01 01:37:17,062 [main] INFO QA Boss = H@SH - user able to click sign in button One
2022-09-01 01:37:18,561 [main] INFO QA Boss = H@SH - User able to enter username
2022-09-01 01:37:18,561 [main] INFO QA Boss = H@SH - User able to enter password
2022-09-01 01:37:18,561 [main] INFO QA Boss = H@SH - User able to  click login in button Two
2022-09-01 01:37:19,798 [main] INFO QA Boss = H@SH - User able to verify the user information {string} on the UI and Logout
2022-09-01 16:56:45,193 [main] INFO QA Boss = H@SH - User able to open any browsers
2022-09-01 16:56:45,195 [main] INFO QA Boss = H@SH - User able to open edge browser
2022-09-01 16:56:47,852 [main] INFO QA Boss = H@SH - User able enter {string} URL
2022-09-01 16:56:49,301 [main] INFO QA Boss = H@SH - user able to click sign in button One
2022-09-01 16:56:50,838 [main] INFO QA Boss = H@SH - User able to enter username
2022-09-01 16:56:50,839 [main] INFO QA Boss = H@SH - User able to enter password
2022-09-01 16:56:50,839 [main] INFO QA Boss = H@SH - User able to  click login in button Two
2022-09-01 16:56:52,135 [main] INFO QA Boss = H@SH - User able to verify the user information {string} on the UI and Logout
2022-09-01 23:21:30,557 [main] INFO QA Boss = H@SH - User able to open any browsers
2022-09-01 23:21:30,560 [main] INFO QA Boss = H@SH - User able to open edge browser
2022-09-01 23:21:33,414 [main] INFO QA Boss = H@SH - User able enter {string} URL
2022-09-01 23:21:34,897 [main] INFO QA Boss = H@SH - user able to click sign in button One
2022-09-01 23:21:36,591 [main] INFO QA Boss = H@SH - User able to enter username
2022-09-01 23:21:36,591 [main] INFO QA Boss = H@SH - User able to enter password
2022-09-01 23:21:36,591 [main] INFO QA Boss = H@SH - User able to  click login in button Two
2022-09-01 23:21:38,135 [main] INFO QA Boss = H@SH - User able to verify the user information {string} on the UI and Logout
2022-09-02 01:22:00,562 [main] INFO QA Boss = H@SH - User able to open any browsers
2022-09-02 01:22:00,564 [main] INFO QA Boss = H@SH - User able to open edge browser
2022-09-02 01:22:03,314 [main] INFO QA Boss = H@SH - User able enter {string} URL
2022-09-02 01:22:04,793 [main] INFO QA Boss = H@SH - user able to click sign in button One
2022-09-02 01:22:06,119 [main] INFO QA Boss = H@SH - User able to enter username
2022-09-02 01:22:06,120 [main] INFO QA Boss = H@SH - User able to enter password
2022-09-02 01:22:06,120 [main] INFO QA Boss = H@SH - User able to  click login in button Two
2022-09-02 01:22:07,283 [main] INFO QA Boss = H@SH - User able to verify the user information {string} on the UI and Logout
2022-09-24 19:23:15,023 [main] INFO QA Boss = H@SH - User able to open any browsers
2022-09-24 19:23:15,030 [main] INFO QA Boss = H@SH - User able to open edge browser
2022-09-24 19:23:17,120 [main] INFO QA Boss = H@SH - User able enter {string} URL
2022-09-24 19:23:20,517 [main] INFO QA Boss = H@SH - user able to click sign in button One
2022-09-24 19:23:24,579 [main] INFO QA Boss = H@SH - User able to enter username
2022-09-24 19:23:24,580 [main] INFO QA Boss = H@SH - User able to enter password
2022-09-24 19:23:24,581 [main] INFO QA Boss = H@SH - User able to  click login in button Two
2022-09-24 19:23:24,728 [main] INFO QA Boss = H@SH - User able to verify the user information {string} on the UI and Logout
